2025-08-05 04:03:30,294 INFO o.h.v.i.u.Version [background-preinit] HV000001: Hibernate Validator 8.0.1.Final
2025-08-05 04:03:30,313 INFO c.l.l.e.ElectricityApplication [main] Starting ElectricityApplication using Java 17.0.11 with PID 15265 (/Users/ugochukwuomeje/Documents/myprojects/naijapay/lemonpay_electricity_service/target/classes started by ugochukwuomeje in /Users/ugochukwuomeje/Documents/myprojects/naijapay/lemonpay_electricity_service)
2025-08-05 04:03:30,313 INFO c.l.l.e.ElectricityApplication [main] No active profile set, falling back to 1 default profile: "default"
2025-08-05 04:03:30,748 INFO o.s.d.r.c.RepositoryConfigurationDelegate [main] Multiple Spring Data modules found, entering strict repository configuration mode
2025-08-05 04:03:30,748 INFO o.s.d.r.c.RepositoryConfigurationDelegate [main] Bootstrapping Spring Data JPA repositories in DEFAULT mode.
2025-08-05 04:03:30,803 INFO o.s.d.r.c.RepositoryConfigurationDelegate [main] Finished Spring Data repository scanning in 52 ms. Found 3 JPA repository interfaces.
2025-08-05 04:03:30,811 INFO o.s.d.r.c.RepositoryConfigurationDelegate [main] Multiple Spring Data modules found, entering strict repository configuration mode
2025-08-05 04:03:30,811 INFO o.s.d.r.c.RepositoryConfigurationDelegate [main] Bootstrapping Spring Data Redis repositories in DEFAULT mode.
2025-08-05 04:03:30,820 INFO o.s.d.r.c.RepositoryConfigurationExtensionSupport [main] Spring Data Redis - Could not safely identify store assignment for repository candidate interface com.lemonpay.lemonpayvas.electricity.repository.VasTransRepo; If you want this repository to be a Redis repository, consider annotating your entities with one of these annotations: org.springframework.data.redis.core.RedisHash (preferred), or consider extending one of the following types with your repository: org.springframework.data.keyvalue.repository.KeyValueRepository
2025-08-05 04:03:30,820 INFO o.s.d.r.c.RepositoryConfigurationExtensionSupport [main] Spring Data Redis - Could not safely identify store assignment for repository candidate interface com.lemonpay.lemonpayvas.electricity.telco.repo.TPhcnDistrictPostpaidRepo; If you want this repository to be a Redis repository, consider annotating your entities with one of these annotations: org.springframework.data.redis.core.RedisHash (preferred), or consider extending one of the following types with your repository: org.springframework.data.keyvalue.repository.KeyValueRepository
2025-08-05 04:03:30,821 INFO o.s.d.r.c.RepositoryConfigurationExtensionSupport [main] Spring Data Redis - Could not safely identify store assignment for repository candidate interface com.lemonpay.lemonpayvas.electricity.telco.repo.TPhcnDistrictPrepaidRepo; If you want this repository to be a Redis repository, consider annotating your entities with one of these annotations: org.springframework.data.redis.core.RedisHash (preferred), or consider extending one of the following types with your repository: org.springframework.data.keyvalue.repository.KeyValueRepository
2025-08-05 04:03:30,821 INFO o.s.d.r.c.RepositoryConfigurationDelegate [main] Finished Spring Data repository scanning in 3 ms. Found 0 Redis repository interfaces.
2025-08-05 04:03:31,112 INFO o.s.b.w.e.t.TomcatWebServer [main] Tomcat initialized with port 8100 (http)
2025-08-05 04:03:31,116 INFO o.a.c.h.Http11NioProtocol [main] Initializing ProtocolHandler ["http-nio-8100"]
2025-08-05 04:03:31,116 INFO o.a.c.c.StandardService [main] Starting service [Tomcat]
2025-08-05 04:03:31,116 INFO o.a.c.c.StandardEngine [main] Starting Servlet engine: [Apache Tomcat/10.1.25]
2025-08-05 04:03:31,140 INFO o.a.c.c.C.[.[.[/] [main] Initializing Spring embedded WebApplicationContext
2025-08-05 04:03:31,141 INFO o.s.b.w.s.c.ServletWebServerApplicationContext [main] Root WebApplicationContext: initialization completed in 814 ms
2025-08-05 04:03:31,253 INFO o.h.j.i.u.LogHelper [main] HHH000204: Processing PersistenceUnitInfo [name: default]
2025-08-05 04:03:31,283 INFO o.h.Version [main] HHH000412: Hibernate ORM core version 6.5.2.Final
2025-08-05 04:03:31,295 INFO o.h.c.i.RegionFactoryInitiator [main] HHH000026: Second-level cache disabled
2025-08-05 04:03:31,421 INFO o.s.o.j.p.SpringPersistenceUnitInfo [main] No LoadTimeWeaver setup: ignoring JPA class transformer
2025-08-05 04:03:31,431 INFO c.z.h.HikariDataSource [main] HikariPool-1 - Starting...
2025-08-05 04:03:31,517 INFO c.z.h.p.HikariPool [main] HikariPool-1 - Added connection com.mysql.cj.jdbc.ConnectionImpl@53b2e1eb
2025-08-05 04:03:31,518 INFO c.z.h.HikariDataSource [main] HikariPool-1 - Start completed.
2025-08-05 04:03:31,555 WARN o.h.o.deprecation [main] HHH90000025: MySQLDialect does not need to be specified explicitly using 'hibernate.dialect' (remove the property setting and it will be selected by default)
2025-08-05 04:03:31,875 INFO o.h.e.t.j.p.i.JtaPlatformInitiator [main] HHH000489: No JTA platform available (set 'hibernate.transaction.jta.platform' to enable JTA platform integration)
2025-08-05 04:03:31,946 INFO o.s.o.j.LocalContainerEntityManagerFactoryBean [main] Initialized JPA EntityManagerFactory for persistence unit 'default'
2025-08-05 04:03:32,047 INFO o.s.d.j.r.q.QueryEnhancerFactory [main] Hibernate is in classpath; If applicable, HQL parser will be used.
2025-08-05 04:03:32,085 INFO c.l.l.e.r.r.LemonpayConnectionFactory [main] =========== redis host: 127.0.0.1
2025-08-05 04:03:32,085 INFO c.l.l.e.r.r.LemonpayConnectionFactory [main] =========== redis port: 6379
2025-08-05 04:03:32,167 WARN o.s.b.a.o.j.JpaBaseConfiguration$JpaWebConfiguration [main] spring.jpa.open-in-view is enabled by default. Therefore, database queries may be performed during view rendering. Explicitly configure spring.jpa.open-in-view to disable this warning
2025-08-05 04:03:32,436 INFO o.s.b.a.e.w.EndpointLinksResolver [main] Exposing 1 endpoint beneath base path '/actuator'
2025-08-05 04:03:32,457 INFO o.a.c.h.Http11NioProtocol [main] Starting ProtocolHandler ["http-nio-8100"]
2025-08-05 04:03:32,464 INFO o.s.b.w.e.t.TomcatWebServer [main] Tomcat started on port 8100 (http) with context path '/'
2025-08-05 04:03:32,474 INFO c.l.l.e.ElectricityApplication [main] Started ElectricityApplication in 2.311 seconds (process running for 2.636)
2025-08-05 06:54:10,272 INFO o.a.c.c.C.[.[.[/] [http-nio-8100-exec-1] Initializing Spring DispatcherServlet 'dispatcherServlet'
2025-08-05 06:54:10,279 INFO o.s.w.s.DispatcherServlet [http-nio-8100-exec-1] Initializing Servlet 'dispatcherServlet'
2025-08-05 06:54:10,312 INFO o.s.w.s.DispatcherServlet [http-nio-8100-exec-1] Completed initialization in 31 ms
2025-08-05 06:54:10,465 INFO c.l.l.e.e.s.EnuguElectricityService [http-nio-8100-exec-1] ============================= The electricity query request is: {"reference":"9q238203980239","type":"1","channel":"POS","amount":1000.0,"payerId":"1111111111111","mobile":"08138390589"}
2025-08-05 06:54:10,467 INFO c.l.l.e.e.s.EnuguElectricityService [http-nio-8100-exec-1] ========================== the request to vtpas{"billersCode":1111111111111,"serviceID":"enugu-electric","type":"prepaid"}
2025-08-05 06:54:10,467 INFO c.l.l.e.e.s.EnuguElectricityService [http-nio-8100-exec-1] ==========++================== start the call the eedc for query
2025-08-05 06:54:12,541 INFO c.l.l.e.e.u.HTTPUtils [http-nio-8100-exec-1] ResponseCode 200
2025-08-05 06:54:12,545 INFO c.l.l.e.e.u.HTTPUtils [http-nio-8100-exec-1]  OUTPUT STREAM :{"code":"000","content":{"Customer_Name":"TESTIMETER","Address":"21A MUYIBAT OYEFUSI IKEJA","Account_Number":"1001421167","Meter_Number":"1111111111111","District":"Awkunanaw","Min_Purchase_Amount":0,"Tariff":"R2SD-NMD","KCT1":"","KCT2":"","commission_details":{"amount":null,"rate":"2.00","rate_type":"percent","computation_type":"default"}}}
2025-08-05 06:54:12,545 INFO c.l.l.e.e.s.EnuguElectricityService [http-nio-8100-exec-1] =============================== the response from calling enugu query is: 200 {"code":"000","content":{"Customer_Name":"TESTIMETER","Address":"21A MUYIBAT OYEFUSI IKEJA","Account_Number":"1001421167","Meter_Number":"1111111111111","District":"Awkunanaw","Min_Purchase_Amount":0,"Tariff":"R2SD-NMD","KCT1":"","KCT2":"","commission_details":{"amount":null,"rate":"2.00","rate_type":"percent","computation_type":"default"}}}
2025-08-05 06:54:12,641 INFO c.l.l.e.s.i.ElectricityProcessorServiceImpl [http-nio-8100-exec-1] *********** RESPONSE FROM NODE::::::::::: ElectricityQueryResponse(requestType=null, disco=null, customerType=null, accountNumber=1111111111111, uniqueTransId=null, externalReference=null, gender=null, errorCode=null, responseCode=00, responseDesc=SUCCESS, customerName=TESTIMETER, customerAddress=21A MUYIBAT OYEFUSI IKEJA, businessUnit=Awkunanaw, state=null, email=null, customerArrears=null, minimumPurchase=0, maxPurchase=null, debtRepayment=null, merchantCode=null, tariff=R2SD-NMD, tariffDesc=null, tariffClass=null, orderId=null, unitsPayment=null, units=null, name=null, tariffCode=null, mobile=null, accountStatus=null, vat=null, deductions=0.0)
2025-08-05 06:54:43,827 INFO c.l.l.e.e.s.EnuguElectricityService [http-nio-8100-exec-3] ============================= The electricity query request is: {"reference":"9q238203980239","type":"2","channel":"POS","amount":1000.0,"payerId":"1010101010101","mobile":"08138390589"}
2025-08-05 06:54:43,830 INFO c.l.l.e.e.s.EnuguElectricityService [http-nio-8100-exec-3] ========================== the request to vtpas{"billersCode":1010101010101,"serviceID":"enugu-electric","type":"prepaid"}
2025-08-05 06:54:43,830 INFO c.l.l.e.e.s.EnuguElectricityService [http-nio-8100-exec-3] ==========++================== start the call the eedc for query
2025-08-05 06:54:50,555 INFO c.l.l.e.e.u.HTTPUtils [http-nio-8100-exec-3] ResponseCode 200
2025-08-05 06:54:50,556 INFO c.l.l.e.e.u.HTTPUtils [http-nio-8100-exec-3]  OUTPUT STREAM :{"code":"000","content":{"error":"This meter is not correct or is not a valid ENUGU Electric meter. Please check and try again","WrongBillersCode":true}}
2025-08-05 06:54:50,557 INFO c.l.l.e.e.s.EnuguElectricityService [http-nio-8100-exec-3] =============================== the response from calling enugu query is: 200 {"code":"000","content":{"error":"This meter is not correct or is not a valid ENUGU Electric meter. Please check and try again","WrongBillersCode":true}}
2025-08-05 06:54:50,562 INFO c.l.l.e.s.i.ElectricityProcessorServiceImpl [http-nio-8100-exec-3] *********** RESPONSE FROM NODE::::::::::: ElectricityQueryResponse(requestType=null, disco=null, customerType=null, accountNumber=1010101010101, uniqueTransId=null, externalReference=null, gender=null, errorCode=null, responseCode=00, responseDesc=SUCCESS, customerName=null, customerAddress=null, businessUnit=null, state=null, email=null, customerArrears=null, minimumPurchase=null, maxPurchase=null, debtRepayment=null, merchantCode=null, tariff=null, tariffDesc=null, tariffClass=null, orderId=null, unitsPayment=null, units=null, name=null, tariffCode=null, mobile=null, accountStatus=null, vat=null, deductions=0.0)
2025-08-05 06:55:13,035 INFO c.l.l.e.e.s.EnuguElectricityService [http-nio-8100-exec-4] ============================= The electricity query request is: {"reference":"9q238203980249","type":"2","channel":"POS","amount":1000.0,"payerId":"1010101010101","mobile":"08138390589"}
2025-08-05 06:55:13,041 INFO c.l.l.e.e.s.EnuguElectricityService [http-nio-8100-exec-4] ========================== the request to vtpas{"billersCode":1010101010101,"serviceID":"enugu-electric","type":"prepaid"}
2025-08-05 06:55:13,041 INFO c.l.l.e.e.s.EnuguElectricityService [http-nio-8100-exec-4] ==========++================== start the call the eedc for query
2025-08-05 06:55:19,789 INFO c.l.l.e.e.u.HTTPUtils [http-nio-8100-exec-4] ResponseCode 200
2025-08-05 06:55:19,792 INFO c.l.l.e.e.u.HTTPUtils [http-nio-8100-exec-4]  OUTPUT STREAM :{"code":"000","content":{"error":"This meter is not correct or is not a valid ENUGU Electric meter. Please check and try again","WrongBillersCode":true}}
2025-08-05 06:55:19,793 INFO c.l.l.e.e.s.EnuguElectricityService [http-nio-8100-exec-4] =============================== the response from calling enugu query is: 200 {"code":"000","content":{"error":"This meter is not correct or is not a valid ENUGU Electric meter. Please check and try again","WrongBillersCode":true}}
2025-08-05 06:55:19,799 INFO c.l.l.e.s.i.ElectricityProcessorServiceImpl [http-nio-8100-exec-4] *********** RESPONSE FROM NODE::::::::::: ElectricityQueryResponse(requestType=null, disco=null, customerType=null, accountNumber=1010101010101, uniqueTransId=null, externalReference=null, gender=null, errorCode=null, responseCode=00, responseDesc=SUCCESS, customerName=null, customerAddress=null, businessUnit=null, state=null, email=null, customerArrears=null, minimumPurchase=null, maxPurchase=null, debtRepayment=null, merchantCode=null, tariff=null, tariffDesc=null, tariffClass=null, orderId=null, unitsPayment=null, units=null, name=null, tariffCode=null, mobile=null, accountStatus=null, vat=null, deductions=0.0)
2025-08-05 07:01:00,281 INFO c.l.l.e.e.s.EnuguElectricityService [http-nio-8100-exec-7] ============================= The electricity query request is: {"reference":"9q238203980249","type":"2","channel":"POS","amount":1000.0,"payerId":"1111111111111","mobile":"08138390589"}
2025-08-05 07:01:00,284 INFO c.l.l.e.e.s.EnuguElectricityService [http-nio-8100-exec-7] ========================== the request to vtpas{"billersCode":1111111111111,"serviceID":"enugu-electric","type":"prepaid"}
2025-08-05 07:01:00,284 INFO c.l.l.e.e.s.EnuguElectricityService [http-nio-8100-exec-7] ==========++================== start the call the eedc for query
2025-08-05 07:01:01,033 INFO c.l.l.e.e.u.HTTPUtils [http-nio-8100-exec-7] ResponseCode 200
2025-08-05 07:01:01,036 INFO c.l.l.e.e.u.HTTPUtils [http-nio-8100-exec-7]  OUTPUT STREAM :{"code":"000","content":{"Customer_Name":"TESTIMETER","Address":"21A MUYIBAT OYEFUSI IKEJA","Account_Number":"1001421167","Meter_Number":"1111111111111","District":"Awkunanaw","Min_Purchase_Amount":0,"Tariff":"R2SD-NMD","KCT1":"","KCT2":"","commission_details":{"amount":null,"rate":"2.00","rate_type":"percent","computation_type":"default"}}}
2025-08-05 07:01:01,037 INFO c.l.l.e.e.s.EnuguElectricityService [http-nio-8100-exec-7] =============================== the response from calling enugu query is: 200 {"code":"000","content":{"Customer_Name":"TESTIMETER","Address":"21A MUYIBAT OYEFUSI IKEJA","Account_Number":"1001421167","Meter_Number":"1111111111111","District":"Awkunanaw","Min_Purchase_Amount":0,"Tariff":"R2SD-NMD","KCT1":"","KCT2":"","commission_details":{"amount":null,"rate":"2.00","rate_type":"percent","computation_type":"default"}}}
2025-08-05 07:01:01,046 INFO c.l.l.e.s.i.ElectricityProcessorServiceImpl [http-nio-8100-exec-7] *********** RESPONSE FROM NODE::::::::::: ElectricityQueryResponse(requestType=null, disco=null, customerType=null, accountNumber=1111111111111, uniqueTransId=null, externalReference=null, gender=null, errorCode=null, responseCode=00, responseDesc=SUCCESS, customerName=TESTIMETER, customerAddress=21A MUYIBAT OYEFUSI IKEJA, businessUnit=Awkunanaw, state=null, email=null, customerArrears=null, minimumPurchase=0, maxPurchase=null, debtRepayment=null, merchantCode=null, tariff=R2SD-NMD, tariffDesc=null, tariffClass=null, orderId=null, unitsPayment=null, units=null, name=null, tariffCode=null, mobile=null, accountStatus=null, vat=null, deductions=0.0)
2025-08-05 07:01:14,904 INFO c.l.l.e.e.s.EnuguElectricityService [http-nio-8100-exec-8] ============================= The electricity query request is: {"reference":"9q238203980249","type":"1","channel":"POS","amount":1000.0,"payerId":"1111111111111","mobile":"08138390589"}
2025-08-05 07:01:14,905 INFO c.l.l.e.e.s.EnuguElectricityService [http-nio-8100-exec-8] ========================== the request to vtpas{"billersCode":1111111111111,"serviceID":"enugu-electric","type":"prepaid"}
2025-08-05 07:01:14,906 INFO c.l.l.e.e.s.EnuguElectricityService [http-nio-8100-exec-8] ==========++================== start the call the eedc for query
2025-08-05 07:01:15,675 INFO c.l.l.e.e.u.HTTPUtils [http-nio-8100-exec-8] ResponseCode 200
2025-08-05 07:01:15,677 INFO c.l.l.e.e.u.HTTPUtils [http-nio-8100-exec-8]  OUTPUT STREAM :{"code":"000","content":{"Customer_Name":"TESTIMETER","Address":"21A MUYIBAT OYEFUSI IKEJA","Account_Number":"1001421167","Meter_Number":"1111111111111","District":"Awkunanaw","Min_Purchase_Amount":0,"Tariff":"R2SD-NMD","KCT1":"","KCT2":"","commission_details":{"amount":null,"rate":"2.00","rate_type":"percent","computation_type":"default"}}}
2025-08-05 07:01:15,678 INFO c.l.l.e.e.s.EnuguElectricityService [http-nio-8100-exec-8] =============================== the response from calling enugu query is: 200 {"code":"000","content":{"Customer_Name":"TESTIMETER","Address":"21A MUYIBAT OYEFUSI IKEJA","Account_Number":"1001421167","Meter_Number":"1111111111111","District":"Awkunanaw","Min_Purchase_Amount":0,"Tariff":"R2SD-NMD","KCT1":"","KCT2":"","commission_details":{"amount":null,"rate":"2.00","rate_type":"percent","computation_type":"default"}}}
2025-08-05 07:01:15,680 INFO c.l.l.e.s.i.ElectricityProcessorServiceImpl [http-nio-8100-exec-8] *********** RESPONSE FROM NODE::::::::::: ElectricityQueryResponse(requestType=null, disco=null, customerType=null, accountNumber=1111111111111, uniqueTransId=null, externalReference=null, gender=null, errorCode=null, responseCode=00, responseDesc=SUCCESS, customerName=TESTIMETER, customerAddress=21A MUYIBAT OYEFUSI IKEJA, businessUnit=Awkunanaw, state=null, email=null, customerArrears=null, minimumPurchase=0, maxPurchase=null, debtRepayment=null, merchantCode=null, tariff=R2SD-NMD, tariffDesc=null, tariffClass=null, orderId=null, unitsPayment=null, units=null, name=null, tariffCode=null, mobile=null, accountStatus=null, vat=null, deductions=0.0)
2025-08-05 07:01:31,406 INFO c.l.l.e.e.s.EnuguElectricityService [http-nio-8100-exec-9] ============================= The electricity query request is: {"reference":"9q238203980250","type":"2","channel":"POS","amount":1000.0,"payerId":"1111111111111","mobile":"08138390589"}
2025-08-05 07:01:31,408 INFO c.l.l.e.e.s.EnuguElectricityService [http-nio-8100-exec-9] ========================== the request to vtpas{"billersCode":1111111111111,"serviceID":"enugu-electric","type":"prepaid"}
2025-08-05 07:01:31,409 INFO c.l.l.e.e.s.EnuguElectricityService [http-nio-8100-exec-9] ==========++================== start the call the eedc for query
2025-08-05 07:01:32,266 INFO c.l.l.e.e.u.HTTPUtils [http-nio-8100-exec-9] ResponseCode 200
2025-08-05 07:01:32,268 INFO c.l.l.e.e.u.HTTPUtils [http-nio-8100-exec-9]  OUTPUT STREAM :{"code":"000","content":{"Customer_Name":"TESTIMETER","Address":"21A MUYIBAT OYEFUSI IKEJA","Account_Number":"1001421167","Meter_Number":"1111111111111","District":"Awkunanaw","Min_Purchase_Amount":0,"Tariff":"R2SD-NMD","KCT1":"","KCT2":"","commission_details":{"amount":null,"rate":"2.00","rate_type":"percent","computation_type":"default"}}}
2025-08-05 07:01:32,269 INFO c.l.l.e.e.s.EnuguElectricityService [http-nio-8100-exec-9] =============================== the response from calling enugu query is: 200 {"code":"000","content":{"Customer_Name":"TESTIMETER","Address":"21A MUYIBAT OYEFUSI IKEJA","Account_Number":"1001421167","Meter_Number":"1111111111111","District":"Awkunanaw","Min_Purchase_Amount":0,"Tariff":"R2SD-NMD","KCT1":"","KCT2":"","commission_details":{"amount":null,"rate":"2.00","rate_type":"percent","computation_type":"default"}}}
2025-08-05 07:01:32,273 INFO c.l.l.e.s.i.ElectricityProcessorServiceImpl [http-nio-8100-exec-9] *********** RESPONSE FROM NODE::::::::::: ElectricityQueryResponse(requestType=null, disco=null, customerType=null, accountNumber=1111111111111, uniqueTransId=null, externalReference=null, gender=null, errorCode=null, responseCode=00, responseDesc=SUCCESS, customerName=TESTIMETER, customerAddress=21A MUYIBAT OYEFUSI IKEJA, businessUnit=Awkunanaw, state=null, email=null, customerArrears=null, minimumPurchase=0, maxPurchase=null, debtRepayment=null, merchantCode=null, tariff=R2SD-NMD, tariffDesc=null, tariffClass=null, orderId=null, unitsPayment=null, units=null, name=null, tariffCode=null, mobile=null, accountStatus=null, vat=null, deductions=0.0)
2025-08-05 09:02:05,109 WARN c.z.h.p.HikariPool [HikariPool-1 housekeeper] HikariPool-1 - Thread starvation or clock leap detected (housekeeper delta=15m30s843ms).
2025-08-05 09:17:36,738 WARN c.z.h.p.HikariPool [HikariPool-1 housekeeper] HikariPool-1 - Thread starvation or clock leap detected (housekeeper delta=15m31s665ms).
2025-08-05 09:33:08,491 WARN c.z.h.p.HikariPool [HikariPool-1 housekeeper] HikariPool-1 - Thread starvation or clock leap detected (housekeeper delta=15m31s753ms).
2025-08-05 10:34:52,934 WARN c.z.h.p.HikariPool [HikariPool-1 housekeeper] HikariPool-1 - Thread starvation or clock leap detected (housekeeper delta=1h1m44s441ms).
2025-08-05 11:46:53,648 WARN c.z.h.p.HikariPool [HikariPool-1 housekeeper] HikariPool-1 - Thread starvation or clock leap detected (housekeeper delta=1h12m703ms).
2025-08-05 11:50:23,840 WARN c.z.h.p.HikariPool [HikariPool-1 housekeeper] HikariPool-1 - Thread starvation or clock leap detected (housekeeper delta=3m30s200ms).
2025-08-05 17:07:28,747 WARN c.z.h.p.HikariPool [HikariPool-1 housekeeper] HikariPool-1 - Thread starvation or clock leap detected (housekeeper delta=6m2s37ms).
2025-08-05 17:10:54,999 WARN c.z.h.p.HikariPool [HikariPool-1 housekeeper] HikariPool-1 - Thread starvation or clock leap detected (housekeeper delta=3m26s265ms).
2025-08-05 17:51:13,951 WARN c.z.h.p.HikariPool [HikariPool-1 housekeeper] HikariPool-1 - Thread starvation or clock leap detected (housekeeper delta=3m18s716ms).
2025-08-05 19:23:16,450 WARN c.z.h.p.HikariPool [HikariPool-1 housekeeper] HikariPool-1 - Thread starvation or clock leap detected (housekeeper delta=1h7m2s267ms).
2025-08-05 19:47:52,196 WARN c.z.h.p.HikariPool [HikariPool-1 housekeeper] HikariPool-1 - Thread starvation or clock leap detected (housekeeper delta=24m35s754ms).
2025-08-05 20:35:28,526 WARN c.z.h.p.HikariPool [HikariPool-1 housekeeper] HikariPool-1 - Thread starvation or clock leap detected (housekeeper delta=47m36s329ms).
2025-08-05 20:52:55,867 WARN c.z.h.p.HikariPool [HikariPool-1 housekeeper] HikariPool-1 - Thread starvation or clock leap detected (housekeeper delta=16m57s283ms).
2025-08-05 21:11:06,702 WARN c.z.h.p.HikariPool [HikariPool-1 housekeeper] HikariPool-1 - Thread starvation or clock leap detected (housekeeper delta=17m40s825ms).
2025-08-05 21:33:33,902 WARN c.z.h.p.HikariPool [HikariPool-1 housekeeper] HikariPool-1 - Thread starvation or clock leap detected (housekeeper delta=15m56s950ms).
2025-08-05 21:53:12,519 WARN c.z.h.p.HikariPool [HikariPool-1 housekeeper] HikariPool-1 - Thread starvation or clock leap detected (housekeeper delta=16m8s532ms).
2025-08-05 22:37:07,779 WARN c.z.h.p.HikariPool [HikariPool-1 housekeeper] HikariPool-1 - Thread starvation or clock leap detected (housekeeper delta=34m24s978ms).
2025-08-05 22:54:42,801 WARN c.z.h.p.HikariPool [HikariPool-1 housekeeper] HikariPool-1 - Thread starvation or clock leap detected (housekeeper delta=17m35s21ms).
2025-08-05 23:41:33,741 INFO c.l.l.e.e.s.EnuguElectricityService [http-nio-8100-exec-2] ============================= The electricity query request is: {"reference":"9q238203980250","type":"2","channel":"POS","amount":1000.0,"payerId":"1111111111111","mobile":"08138390589"}
2025-08-05 23:41:33,746 INFO c.l.l.e.e.s.EnuguElectricityService [http-nio-8100-exec-2] ========================== the request to vtpas{"billersCode":1111111111111,"serviceID":"enugu-electric","type":"prepaid"}
2025-08-05 23:41:33,746 INFO c.l.l.e.e.s.EnuguElectricityService [http-nio-8100-exec-2] ==========++================== start the call the eedc for query
2025-08-05 23:41:35,587 INFO c.l.l.e.e.u.HTTPUtils [http-nio-8100-exec-2] ResponseCode 200
2025-08-05 23:41:35,589 INFO c.l.l.e.e.u.HTTPUtils [http-nio-8100-exec-2]  OUTPUT STREAM :{"code":"000","content":{"Customer_Name":"TESTIMETER","Address":"21A MUYIBAT OYEFUSI IKEJA","Account_Number":"1001421167","Meter_Number":"1111111111111","District":"Awkunanaw","Min_Purchase_Amount":0,"Tariff":"R2SD-NMD","KCT1":"","KCT2":"","commission_details":{"amount":null,"rate":"2.00","rate_type":"percent","computation_type":"default"}}}
2025-08-05 23:41:35,590 INFO c.l.l.e.e.s.EnuguElectricityService [http-nio-8100-exec-2] =============================== the response from calling enugu query is: 200 {"code":"000","content":{"Customer_Name":"TESTIMETER","Address":"21A MUYIBAT OYEFUSI IKEJA","Account_Number":"1001421167","Meter_Number":"1111111111111","District":"Awkunanaw","Min_Purchase_Amount":0,"Tariff":"R2SD-NMD","KCT1":"","KCT2":"","commission_details":{"amount":null,"rate":"2.00","rate_type":"percent","computation_type":"default"}}}
2025-08-05 23:41:35,617 INFO c.l.l.e.s.i.ElectricityProcessorServiceImpl [http-nio-8100-exec-2] *********** RESPONSE FROM NODE::::::::::: ElectricityQueryResponse(requestType=null, disco=null, customerType=null, accountNumber=1111111111111, uniqueTransId=null, externalReference=null, gender=null, errorCode=null, responseCode=00, responseDesc=SUCCESS, customerName=TESTIMETER, customerAddress=21A MUYIBAT OYEFUSI IKEJA, businessUnit=Awkunanaw, state=null, email=null, customerArrears=null, minimumPurchase=0, maxPurchase=null, debtRepayment=null, merchantCode=null, tariff=R2SD-NMD, tariffDesc=null, tariffClass=null, orderId=null, unitsPayment=null, units=null, name=null, tariffCode=null, mobile=null, accountStatus=null, vat=null, deductions=0.0)
2025-08-05 23:43:13,650 INFO o.s.o.j.LocalContainerEntityManagerFactoryBean [SpringApplicationShutdownHook] Closing JPA EntityManagerFactory for persistence unit 'default'
2025-08-05 23:43:13,679 INFO c.z.h.HikariDataSource [SpringApplicationShutdownHook] HikariPool-1 - Shutdown initiated...
2025-08-05 23:43:13,689 INFO c.z.h.HikariDataSource [SpringApplicationShutdownHook] HikariPool-1 - Shutdown completed.
2025-08-05 23:43:19,180 INFO o.h.v.i.u.Version [background-preinit] HV000001: Hibernate Validator 8.0.1.Final
2025-08-05 23:43:19,208 INFO c.l.l.e.ElectricityApplication [main] Starting ElectricityApplication using Java 17.0.11 with PID 35244 (/Users/ugochukwuomeje/Documents/myprojects/naijapay/lemonpay_electricity_service/target/classes started by ugochukwuomeje in /Users/ugochukwuomeje/Documents/myprojects/naijapay/lemonpay_electricity_service)
2025-08-05 23:43:19,209 INFO c.l.l.e.ElectricityApplication [main] No active profile set, falling back to 1 default profile: "default"
2025-08-05 23:43:19,727 INFO o.s.d.r.c.RepositoryConfigurationDelegate [main] Multiple Spring Data modules found, entering strict repository configuration mode
2025-08-05 23:43:19,728 INFO o.s.d.r.c.RepositoryConfigurationDelegate [main] Bootstrapping Spring Data JPA repositories in DEFAULT mode.
2025-08-05 23:43:19,785 INFO o.s.d.r.c.RepositoryConfigurationDelegate [main] Finished Spring Data repository scanning in 54 ms. Found 3 JPA repository interfaces.
2025-08-05 23:43:19,793 INFO o.s.d.r.c.RepositoryConfigurationDelegate [main] Multiple Spring Data modules found, entering strict repository configuration mode
2025-08-05 23:43:19,794 INFO o.s.d.r.c.RepositoryConfigurationDelegate [main] Bootstrapping Spring Data Redis repositories in DEFAULT mode.
2025-08-05 23:43:19,801 INFO o.s.d.r.c.RepositoryConfigurationExtensionSupport [main] Spring Data Redis - Could not safely identify store assignment for repository candidate interface com.lemonpay.lemonpayvas.electricity.repository.VasTransRepo; If you want this repository to be a Redis repository, consider annotating your entities with one of these annotations: org.springframework.data.redis.core.RedisHash (preferred), or consider extending one of the following types with your repository: org.springframework.data.keyvalue.repository.KeyValueRepository
2025-08-05 23:43:19,802 INFO o.s.d.r.c.RepositoryConfigurationExtensionSupport [main] Spring Data Redis - Could not safely identify store assignment for repository candidate interface com.lemonpay.lemonpayvas.electricity.telco.repo.TPhcnDistrictPostpaidRepo; If you want this repository to be a Redis repository, consider annotating your entities with one of these annotations: org.springframework.data.redis.core.RedisHash (preferred), or consider extending one of the following types with your repository: org.springframework.data.keyvalue.repository.KeyValueRepository
2025-08-05 23:43:19,802 INFO o.s.d.r.c.RepositoryConfigurationExtensionSupport [main] Spring Data Redis - Could not safely identify store assignment for repository candidate interface com.lemonpay.lemonpayvas.electricity.telco.repo.TPhcnDistrictPrepaidRepo; If you want this repository to be a Redis repository, consider annotating your entities with one of these annotations: org.springframework.data.redis.core.RedisHash (preferred), or consider extending one of the following types with your repository: org.springframework.data.keyvalue.repository.KeyValueRepository
2025-08-05 23:43:19,802 INFO o.s.d.r.c.RepositoryConfigurationDelegate [main] Finished Spring Data repository scanning in 3 ms. Found 0 Redis repository interfaces.
2025-08-05 23:43:20,074 INFO o.s.b.w.e.t.TomcatWebServer [main] Tomcat initialized with port 8100 (http)
2025-08-05 23:43:20,078 INFO o.a.c.h.Http11NioProtocol [main] Initializing ProtocolHandler ["http-nio-8100"]
2025-08-05 23:43:20,079 INFO o.a.c.c.StandardService [main] Starting service [Tomcat]
2025-08-05 23:43:20,079 INFO o.a.c.c.StandardEngine [main] Starting Servlet engine: [Apache Tomcat/10.1.25]
2025-08-05 23:43:20,099 INFO o.a.c.c.C.[.[.[/] [main] Initializing Spring embedded WebApplicationContext
2025-08-05 23:43:20,099 INFO o.s.b.w.s.c.ServletWebServerApplicationContext [main] Root WebApplicationContext: initialization completed in 857 ms
2025-08-05 23:43:20,214 INFO o.h.j.i.u.LogHelper [main] HHH000204: Processing PersistenceUnitInfo [name: default]
2025-08-05 23:43:20,237 INFO o.h.Version [main] HHH000412: Hibernate ORM core version 6.5.2.Final
2025-08-05 23:43:20,250 INFO o.h.c.i.RegionFactoryInitiator [main] HHH000026: Second-level cache disabled
2025-08-05 23:43:20,360 INFO o.s.o.j.p.SpringPersistenceUnitInfo [main] No LoadTimeWeaver setup: ignoring JPA class transformer
2025-08-05 23:43:20,370 INFO c.z.h.HikariDataSource [main] HikariPool-1 - Starting...
2025-08-05 23:43:20,447 INFO c.z.h.p.HikariPool [main] HikariPool-1 - Added connection com.mysql.cj.jdbc.ConnectionImpl@4fef5792
2025-08-05 23:43:20,447 INFO c.z.h.HikariDataSource [main] HikariPool-1 - Start completed.
2025-08-05 23:43:20,484 WARN o.h.o.deprecation [main] HHH90000025: MySQLDialect does not need to be specified explicitly using 'hibernate.dialect' (remove the property setting and it will be selected by default)
2025-08-05 23:43:20,826 INFO o.h.e.t.j.p.i.JtaPlatformInitiator [main] HHH000489: No JTA platform available (set 'hibernate.transaction.jta.platform' to enable JTA platform integration)
2025-08-05 23:43:20,872 INFO o.s.o.j.LocalContainerEntityManagerFactoryBean [main] Initialized JPA EntityManagerFactory for persistence unit 'default'
2025-08-05 23:43:20,971 INFO o.s.d.j.r.q.QueryEnhancerFactory [main] Hibernate is in classpath; If applicable, HQL parser will be used.
2025-08-05 23:43:21,013 INFO c.l.l.e.r.r.LemonpayConnectionFactory [main] =========== redis host: 127.0.0.1
2025-08-05 23:43:21,013 INFO c.l.l.e.r.r.LemonpayConnectionFactory [main] =========== redis port: 6379
2025-08-05 23:43:21,092 WARN o.s.b.a.o.j.JpaBaseConfiguration$JpaWebConfiguration [main] spring.jpa.open-in-view is enabled by default. Therefore, database queries may be performed during view rendering. Explicitly configure spring.jpa.open-in-view to disable this warning
2025-08-05 23:43:21,390 INFO o.s.b.a.e.w.EndpointLinksResolver [main] Exposing 1 endpoint beneath base path '/actuator'
2025-08-05 23:43:21,411 INFO o.a.c.h.Http11NioProtocol [main] Starting ProtocolHandler ["http-nio-8100"]
2025-08-05 23:43:21,418 INFO o.s.b.w.e.t.TomcatWebServer [main] Tomcat started on port 8100 (http) with context path '/'
2025-08-05 23:43:21,428 INFO c.l.l.e.ElectricityApplication [main] Started ElectricityApplication in 2.414 seconds (process running for 2.861)
2025-08-05 23:43:26,224 INFO o.a.c.c.C.[.[.[/] [http-nio-8100-exec-2] Initializing Spring DispatcherServlet 'dispatcherServlet'
2025-08-05 23:43:26,225 INFO o.s.w.s.DispatcherServlet [http-nio-8100-exec-2] Initializing Servlet 'dispatcherServlet'
2025-08-05 23:43:26,227 INFO o.s.w.s.DispatcherServlet [http-nio-8100-exec-2] Completed initialization in 2 ms
2025-08-05 23:43:26,296 INFO c.l.l.e.e.s.EnuguElectricityService [http-nio-8100-exec-2] ============================= The electricity query request is: {"reference":"9q238203980250","type":"2","channel":"POS","amount":1000.0,"payerId":"1111111111111","mobile":"08138390589"}
2025-08-05 23:43:26,296 INFO c.l.l.e.e.s.EnuguElectricityService [http-nio-8100-exec-2] ========================== the request to vtpas{"billersCode":1111111111111,"serviceID":"enugu-electric","type":"prepaid"}
2025-08-05 23:43:26,296 INFO c.l.l.e.e.s.EnuguElectricityService [http-nio-8100-exec-2] ==========++================== start the call the eedc for query
2025-08-05 23:43:27,232 INFO c.l.l.e.e.u.HTTPUtils [http-nio-8100-exec-2] ResponseCode 200
2025-08-05 23:43:27,234 INFO c.l.l.e.e.u.HTTPUtils [http-nio-8100-exec-2]  OUTPUT STREAM :{"code":"000","content":{"Customer_Name":"TESTIMETER","Address":"21A MUYIBAT OYEFUSI IKEJA","Account_Number":"1001421167","Meter_Number":"1111111111111","District":"Awkunanaw","Min_Purchase_Amount":0,"Tariff":"R2SD-NMD","KCT1":"","KCT2":"","commission_details":{"amount":null,"rate":"2.00","rate_type":"percent","computation_type":"default"}}}
2025-08-05 23:43:27,234 INFO c.l.l.e.e.s.EnuguElectricityService [http-nio-8100-exec-2] =============================== the response from calling enugu query is: 200 {"code":"000","content":{"Customer_Name":"TESTIMETER","Address":"21A MUYIBAT OYEFUSI IKEJA","Account_Number":"1001421167","Meter_Number":"1111111111111","District":"Awkunanaw","Min_Purchase_Amount":0,"Tariff":"R2SD-NMD","KCT1":"","KCT2":"","commission_details":{"amount":null,"rate":"2.00","rate_type":"percent","computation_type":"default"}}}
2025-08-05 23:43:27,298 INFO c.l.l.e.s.i.ElectricityProcessorServiceImpl [http-nio-8100-exec-2] *********** RESPONSE FROM NODE::::::::::: ElectricityQueryResponse(requestType=null, disco=null, customerType=null, accountNumber=1111111111111, uniqueTransId=null, externalReference=null, gender=null, errorCode=null, responseCode=00, responseDesc=SUCCESS, customerName=TESTIMETER, customerAddress=21A MUYIBAT OYEFUSI IKEJA, businessUnit=Awkunanaw, state=null, email=null, customerArrears=null, minimumPurchase=0, maxPurchase=null, debtRepayment=null, merchantCode=null, tariff=R2SD-NMD, tariffDesc=null, tariffClass=null, orderId=null, unitsPayment=null, units=null, name=null, tariffCode=null, mobile=null, accountStatus=null, vat=null, deductions=0.0)
